Configuring mfsolve-0.3.2.0...
Building mfsolve-0.3.2.0...
Preprocessing library mfsolve-0.3.2.0...
[1 of 1] Compiling Math.MFSolve     ( Math/MFSolve.hs, .stack-work/dist/x86_64-linux/Cabal-1.24.2.0/build/Math/MFSolve.o )

Math/MFSolve.hs:111:1: warning: [-Wunused-imports]
    The import of ‘Control.Applicative’ is redundant
      except perhaps to import instances from ‘Control.Applicative’
    To import instances alone, use: import Control.Applicative()

Math/MFSolve.hs:208:1: warning: [-Wmissing-signatures]
    Pattern synonym with no type signature:
      pattern LinearE :: forall t t1. LinExpr t1 t -> Expr t1 t

Math/MFSolve.hs:209:1: warning: [-Wmissing-signatures]
    Pattern synonym with no type signature:
      pattern ConstE :: forall t t1. t1 -> Expr t t1

Math/MFSolve.hs:210:1: warning: [-Wmissing-signatures]
    Pattern synonym with no type signature:
      pattern LConst :: forall t t1. t1 -> LinExpr t t1
Installing library in
/home/sid/.stack/snapshots/x86_64-linux/lts-8.9/8.0.2/lib/x86_64-linux-ghc-8.0.2/mfsolve-0.3.2.0-6qscdFwyGcd3fnOT4imtYA
Registering mfsolve-0.3.2.0...
